TN:
SF:src/ATokenVault.sol
FN:91,ATokenVault.deposit
FNDA:28216,ATokenVault.deposit
DA:92,28216
FN:107,ATokenVault.depositWithSig
FNDA:9,ATokenVault.depositWithSig
DA:112,9
DA:130,1
FN:141,ATokenVault.mint
FNDA:1538,ATokenVault.mint
DA:142,1538
FN:156,ATokenVault.mintWithSig
FNDA:8,ATokenVault.mintWithSig
DA:161,8
DA:174,1
FN:186,ATokenVault.withdraw
FNDA:1812,ATokenVault.withdraw
DA:187,1812
FN:201,ATokenVault.withdrawWithSig
FNDA:10,ATokenVault.withdrawWithSig
DA:206,10
DA:219,2
FN:231,ATokenVault.redeem
FNDA:1795,ATokenVault.redeem
DA:232,1795
FN:246,ATokenVault.redeemWithSig
FNDA:10,ATokenVault.redeemWithSig
DA:251,10
DA:262,2
FN:271,ATokenVault.maxDeposit
FNDA:261,ATokenVault.maxDeposit
DA:272,261
FN:281,ATokenVault.maxMint
FNDA:261,ATokenVault.maxMint
DA:282,261
FN:294,ATokenVault.setFee
FNDA:4,ATokenVault.setFee
DA:295,3
BRDA:295,0,0,1
BRDA:295,0,1,2
DA:297,2
DA:298,2
DA:300,2
FN:308,ATokenVault.updateAavePool
FNDA:3,ATokenVault.updateAavePool
DA:309,2
DA:310,2
DA:312,2
FN:322,ATokenVault.withdrawFees
FNDA:5,ATokenVault.withdrawFees
DA:323,4
DA:324,4
BRDA:324,1,0,1
BRDA:324,1,1,3
DA:326,3
DA:327,3
DA:328,3
DA:330,3
DA:332,3
FN:341,ATokenVault.claimAllAaveRewards
FNDA:4,ATokenVault.claimAllAaveRewards
DA:342,3
BRDA:342,2,0,1
BRDA:342,2,1,2
DA:344,2
DA:345,2
DA:347,2
DA:349,2
FN:361,ATokenVault.emergencyRescue
FNDA:4,ATokenVault.emergencyRescue
DA:362,3
BRDA:362,3,0,1
BRDA:362,3,1,2
DA:364,2
DA:366,2
FN:375,ATokenVault.totalAssets
FNDA:264,ATokenVault.totalAssets
DA:377,31564
FN:380,ATokenVault.getCurrentFees
FNDA:21,ATokenVault.getCurrentFees
DA:381,31589
BRDA:381,4,0,31565
BRDA:381,4,1,24
DA:383,31565
DA:386,24
DA:387,24
DA:388,24
DA:390,24
FN:394,ATokenVault.getSigNonce
FNDA:37,ATokenVault.getSigNonce
DA:395,37
FN:398,ATokenVault.getLastUpdated
FNDA:4,ATokenVault.getLastUpdated
DA:399,4
FN:402,ATokenVault.getLastVaultBalance
FNDA:4,ATokenVault.getLastVaultBalance
DA:403,4
FN:406,ATokenVault.getFee
FNDA:8,ATokenVault.getFee
DA:407,8
FN:414,ATokenVault._accrueYield
FNDA:33367,ATokenVault._accrueYield
DA:416,33367
BRDA:416,5,0,-
BRDA:416,5,1,19
DA:417,19
DA:418,19
DA:419,19
DA:421,19
DA:423,19
DA:424,19
DA:426,19
FN:430,ATokenVault._deposit
FNDA:28217,ATokenVault._deposit
DA:431,28217
DA:433,28217
BRDA:433,6,0,1
BRDA:433,6,1,28216
DA:436,28216
DA:439,28216
DA:440,28216
DA:442,28216
DA:444,28216
DA:446,28216
FN:449,ATokenVault._mint
FNDA:1539,ATokenVault._mint
DA:450,1539
DA:452,1539
DA:455,1539
DA:458,1539
DA:459,1539
DA:461,1539
DA:463,1539
DA:465,1539
FN:468,ATokenVault._withdraw
FNDA:1814,ATokenVault._withdraw
DA:472,1814
DA:474,1814
DA:478,1814
DA:480,1814
BRDA:480,7,0,512
BRDA:480,7,1,513
DA:481,769
DA:483,769
BRDA:483,8,0,512
BRDA:483,8,1,513
DA:486,1558
DA:488,1558
DA:491,1558
DA:492,1558
FN:495,ATokenVault._redeem
FNDA:1797,ATokenVault._redeem
DA:496,1797
DA:500,1797
DA:502,1797
BRDA:502,9,0,512
BRDA:502,9,1,512
DA:503,768
DA:505,768
BRDA:505,10,0,512
BRDA:505,10,1,512
DA:508,1541
BRDA:508,11,0,1
BRDA:508,11,1,1540
DA:510,1540
DA:512,1540
DA:515,1540
DA:516,1540
FN:519,ATokenVault._maxAssetsSuppliableToAave
FNDA:522,ATokenVault._maxAssetsSuppliableToAave
DA:524,522
DA:525,522
DA:526,522
DA:527,522
DA:530,522
BRDA:529,12,0,518
BRDA:529,12,1,4
DA:533,518
DA:534,4
BRDA:534,13,0,2
BRDA:534,13,1,2
DA:535,2
DA:537,2
FNF:27
FNH:27
LF:100
LH:100
BRF:28
BRH:27
end_of_record
TN:
SF:src/libraries/MetaTxHelpers.sol
FN:18,MetaTxHelpers._validateRecoveredAddress
FNDA:37,MetaTxHelpers._validateRecoveredAddress
DA:22,37
BRDA:22,0,0,4
BRDA:22,0,1,33
DA:23,33
DA:25,33
BRDA:25,1,0,-
BRDA:25,1,1,-
DA:26,0
DA:27,0
BRDA:27,2,0,-
BRDA:27,2,1,-
DA:32,33
DA:34,33
BRDA:34,3,0,27
BRDA:34,3,1,6
FN:46,MetaTxHelpers._calculateDigest
FNDA:37,MetaTxHelpers._calculateDigest
DA:47,37
DA:49,37
DA:51,37
FNF:2
FNH:2
LF:10
LH:8
BRF:8
BRH:4
end_of_record
TN:
SF:test/ATokenVaultBaseTest.t.sol
FN:69,ATokenVaultBaseTest.setUp
FNDA:0,ATokenVaultBaseTest.setUp
FN:72,ATokenVaultBaseTest._logVaultBalances
FNDA:0,ATokenVaultBaseTest._logVaultBalances
DA:73,0
DA:74,0
DA:75,0
DA:76,0
DA:77,0
DA:78,0
DA:79,0
DA:80,0
FNF:2
FNH:0
LF:8
LH:0
BRF:0
BRH:0
end_of_record
TN:
SF:test/mocks/MockAToken.sol
FN:9,MockAToken.mint
FNDA:89622,MockAToken.mint
DA:10,89622
FN:13,MockAToken.burn
FNDA:3076,MockAToken.burn
DA:14,3076
FNF:2
FNH:2
LF:2
LH:2
BRF:0
BRH:0
end_of_record
TN:
SF:test/mocks/MockAavePool.sol
FN:27,MockAavePool.setReserveConfigMap
FNDA:10,MockAavePool.setReserveConfigMap
DA:28,10
FN:31,MockAavePool.getReserveData
FNDA:522,MockAavePool.getReserveData
DA:32,522
FN:66,MockAavePool.supply
FNDA:29718,MockAavePool.supply
DA:67,29718
DA:68,29718
FN:71,MockAavePool.withdraw
FNDA:3076,MockAavePool.withdraw
DA:72,3076
DA:73,3076
DA:74,3076
FN:80,MockAavePool.simulateYield
FNDA:0,MockAavePool.simulateYield
DA:81,0
DA:82,0
DA:83,0
FNF:5
FNH:4
LF:10
LH:7
BRF:0
BRH:0
end_of_record
TN:
SF:test/mocks/MockAavePoolAddressesProvider.sol
FN:11,MockAavePoolAddressesProvider.getPool
FNDA:0,MockAavePoolAddressesProvider.getPool
DA:12,0
FNF:1
FNH:0
LF:1
LH:0
BRF:0
BRH:0
end_of_record
TN:
SF:test/mocks/MockDAI.sol
FN:9,MockDAI.mint
FNDA:0,MockDAI.mint
DA:10,0
FN:13,MockDAI.burn
FNDA:0,MockDAI.burn
DA:14,0
FNF:2
FNH:0
LF:2
LH:0
BRF:0
BRH:0
end_of_record
