TN:
SF:src/ATokenVault.sol
FN:68,ATokenVault.deposit
FNDA:28207,ATokenVault.deposit
DA:69,28207
FN:72,ATokenVault.depositWithSig
FNDA:9,ATokenVault.depositWithSig
DA:79,9
DA:90,1
FN:93,ATokenVault._deposit
FNDA:28208,ATokenVault._deposit
DA:98,28208
DA:101,28208
BRDA:101,0,0,1
BRDA:101,0,1,28207
DA:104,28207
DA:107,28207
DA:108,28207
DA:110,28207
DA:112,28207
DA:114,28207
FN:117,ATokenVault.mint
FNDA:1795,ATokenVault.mint
DA:118,1795
FN:121,ATokenVault.mintWithSig
FNDA:8,ATokenVault.mintWithSig
DA:128,8
DA:139,1
FN:142,ATokenVault._mint
FNDA:1796,ATokenVault._mint
DA:147,1796
DA:149,1796
DA:152,1796
DA:155,1796
DA:156,1796
DA:158,1796
DA:160,1796
DA:162,1796
FN:165,ATokenVault.withdraw
FNDA:2060,ATokenVault.withdraw
DA:170,2060
FN:173,ATokenVault.withdrawWithSig
FNDA:10,ATokenVault.withdrawWithSig
DA:180,10
DA:191,2
FN:194,ATokenVault._withdraw
FNDA:2062,ATokenVault._withdraw
DA:200,2062
DA:202,2062
DA:206,2062
DA:208,2062
BRDA:208,1,0,510
BRDA:208,1,1,513
DA:209,769
DA:211,769
BRDA:211,2,0,510
BRDA:211,2,1,513
DA:214,1806
DA:216,1806
DA:219,1806
DA:220,1806
FN:223,ATokenVault.redeem
FNDA:1795,ATokenVault.redeem
DA:228,1795
FN:231,ATokenVault.redeemWithSig
FNDA:10,ATokenVault.redeemWithSig
DA:238,10
DA:247,2
FN:250,ATokenVault._redeem
FNDA:1797,ATokenVault._redeem
DA:256,1797
DA:260,1797
DA:262,1797
BRDA:262,3,0,511
BRDA:262,3,1,511
DA:263,767
DA:265,767
BRDA:265,4,0,511
BRDA:265,4,1,511
DA:268,1541
BRDA:268,5,0,1
BRDA:268,5,1,1540
DA:270,1540
DA:272,1540
DA:275,1540
DA:276,1540
FN:283,ATokenVault.setFee
FNDA:4,ATokenVault.setFee
DA:284,3
BRDA:284,6,0,1
BRDA:284,6,1,2
DA:286,2
DA:287,2
DA:289,2
FN:292,ATokenVault.updateAavePool
FNDA:3,ATokenVault.updateAavePool
DA:293,2
DA:294,2
DA:296,2
FN:300,ATokenVault.withdrawFees
FNDA:5,ATokenVault.withdrawFees
DA:301,4
DA:302,4
BRDA:302,7,0,1
BRDA:302,7,1,3
DA:304,3
DA:305,3
DA:306,3
DA:308,3
DA:310,3
FN:313,ATokenVault.claimAllAaveRewards
FNDA:4,ATokenVault.claimAllAaveRewards
DA:314,3
BRDA:314,8,0,1
BRDA:314,8,1,2
DA:316,2
DA:317,2
DA:319,2
DA:321,2
FN:328,ATokenVault.totalAssets
FNDA:264,ATokenVault.totalAssets
DA:330,31792
FN:333,ATokenVault.getCurrentFees
FNDA:277,ATokenVault.getCurrentFees
DA:334,32073
BRDA:334,9,0,31806
BRDA:334,9,1,267
DA:336,31806
DA:339,267
DA:340,267
DA:341,267
DA:343,267
FN:351,ATokenVault._accrueYield
FNDA:33863,ATokenVault._accrueYield
DA:353,33863
BRDA:353,10,0,-
BRDA:353,10,1,266
DA:354,266
DA:355,266
DA:356,266
DA:358,266
DA:360,266
DA:361,266
DA:363,266
FNF:19
FNH:19
LF:82
LH:82
BRF:22
BRH:21
end_of_record
TN:
SF:src/libraries/MetaTxHelpers.sol
FN:19,MetaTxHelpers._validateRecoveredAddress
FNDA:37,MetaTxHelpers._validateRecoveredAddress
DA:24,37
BRDA:24,0,0,4
BRDA:24,0,1,33
DA:25,33
DA:27,33
BRDA:27,1,0,-
BRDA:27,1,1,-
DA:28,0
DA:29,0
BRDA:29,2,0,-
BRDA:29,2,1,-
DA:30,0
DA:33,33
DA:34,33
BRDA:34,3,0,27
BRDA:34,3,1,6
DA:35,27
FN:48,MetaTxHelpers._calculateDigest
FNDA:37,MetaTxHelpers._calculateDigest
DA:49,37
DA:51,37
DA:53,37
FNF:2
FNH:2
LF:12
LH:9
BRF:8
BRH:4
end_of_record
TN:
SF:test/ATokenVaultBaseTest.t.sol
FN:57,ATokenVaultBaseTest.setUp
FNDA:0,ATokenVaultBaseTest.setUp
FN:59,ATokenVaultBaseTest._increaseVaultYield
FNDA:0,ATokenVaultBaseTest._increaseVaultYield
DA:60,0
DA:61,0
DA:62,0
DA:63,0
DA:64,0
FN:67,ATokenVaultBaseTest._expectedFeeSplitOfIncrease
FNDA:0,ATokenVaultBaseTest._expectedFeeSplitOfIncrease
DA:68,0
DA:69,0
FN:74,ATokenVaultBaseTest._expectedUserYieldAmount
FNDA:0,ATokenVaultBaseTest._expectedUserYieldAmount
DA:79,0
FN:82,ATokenVaultBaseTest._logVaultBalances
FNDA:0,ATokenVaultBaseTest._logVaultBalances
DA:83,0
DA:84,0
DA:85,0
DA:86,0
DA:87,0
DA:88,0
DA:89,0
DA:90,0
FNF:5
FNH:0
LF:16
LH:0
BRF:0
BRH:0
end_of_record
TN:
SF:test/mocks/MockAToken.sol
FN:9,MockAToken.mint
FNDA:90391,MockAToken.mint
DA:10,90391
FN:13,MockAToken.burn
FNDA:3333,MockAToken.burn
DA:14,3333
FNF:2
FNH:2
LF:2
LH:2
BRF:0
BRH:0
end_of_record
TN:
SF:test/mocks/MockAavePool.sol
FN:24,MockAavePool.getReserveData
FNDA:1,MockAavePool.getReserveData
DA:25,1
FN:60,MockAavePool.supply
FNDA:29975,MockAavePool.supply
DA:66,29975
DA:67,29975
FN:70,MockAavePool.withdraw
FNDA:3333,MockAavePool.withdraw
DA:75,3333
DA:76,3333
DA:77,3333
FN:83,MockAavePool.simulateYield
FNDA:0,MockAavePool.simulateYield
DA:84,0
DA:85,0
DA:86,0
FNF:4
FNH:3
LF:9
LH:6
BRF:0
BRH:0
end_of_record
TN:
SF:test/mocks/MockAavePoolAddressesProvider.sol
FN:11,MockAavePoolAddressesProvider.getPool
FNDA:1,MockAavePoolAddressesProvider.getPool
DA:12,1
FNF:1
FNH:1
LF:1
LH:1
BRF:0
BRH:0
end_of_record
TN:
SF:test/mocks/MockDAI.sol
FN:9,MockDAI.mint
FNDA:0,MockDAI.mint
DA:10,0
FN:13,MockDAI.burn
FNDA:0,MockDAI.burn
DA:14,0
FNF:2
FNH:0
LF:2
LH:0
BRF:0
BRH:0
end_of_record
